Characterization of distribution spectra: 
torsion  bins  bin  bin definition [from, to]      midpoint  status               information
-------- ----- ---- ------------------------------ --------- -------------------- -----------
a        2     0    [-180, 16]                     -100      ('closed', 'clear')  []
               1    [16, 180]                      123                             
b        2     0    [[-180, -126], [9, 180]]       170       ('open', 'shift')    ['Bin 0 spreads across spectrum borders']
               1    [-126, 9]                      -74                             
c        2     0    [-180, -1]                     -55       ('closed', 'clear')  []
               1    [-1, 180]                      60                              
d        1     0    [[-180, 117], [117, 180]]      -80       ('open', 'shift')    ['Bin 0 spreads across spectrum borders']
e        2     0    [-180, 66]                     -86       ('closed', 'clear')  []
               1    [66, 180]                      165                             
f        3     0    [[-180, -99], [97, 180]]       180       ('open', 'break')    ['Bin 0 spreads across spectrum borders']
               1    [-99, 9]                       -33                             
               2    [9, 97]                        34                              
g        2     0    [[-180, -94], [92, 180]]       180       ('open', 'break')    ['Bin 0 spreads across spectrum borders']
               1    [-94, 92]                      2                               
h        3     0    [-180, -127]                   -154      ('closed', 'clear')  ['manually added a maximum at -154 for bin 0 of torsion h']
               1    [-127, 15]                     -60                             
               2    [15, 180]                      74                              
i        2     0    [-180, 5]                      -115      ('closed', 'clear')  []
               1    [5, 180]                       122                             

Flexibility ranking per number of bins: 
bins   rank   torsion  flexscore 
------ ------ -------- ----------
3      1      f        4.3904    
       2      h        1.1777    
2      1      a        31.713    
       2      g        25.2053   
       3      i        21.0708   
       4      c        6.3213    
       5      b        3.2986    
       6      e        2.1162    
