Characterization of distribution spectra: 
torsion  bins  bin  bin definition [from, to]      midpoint  status               information
-------- ----- ---- ------------------------------ --------- -------------------- -----------
a        3     0    [-180, -161]                   -171      ('closed', 'clear')  ['manually added a maximum at -171 for bin 0 of torsion a']
               1    [-161, 19]                     -101                            
               2    [19, 180]                      123                             
b        3     0    [[-180, -127], [111, 180]]     164       ('open', 'shift')    ['Bin 0 spreads across spectrum borders']
               1    [-127, 12]                     -72                             
               2    [12, 111]                      91                              
c        2     0    [-180, -3]                     -56       ('closed', 'clear')  []
               1    [-3, 180]                      61                              
d        3     0    [[-180, -176], [118, 180]]     179       ('open', 'shift')    ['Bin 0 spreads across spectrum borders']
               1    [-176, 57]                     -78                             
               2    [57, 118]                      73                              
e        3     0    [-180, 66]                     -89       ('closed', 'clear')  []
               1    [66, 141]                      124                             
               2    [141, 180]                     162                             
f        3     0    [[-180, -97], [107, 180]]      179       ('open', 'shift')    ['Bin 0 spreads across spectrum borders']
               1    [-97, 9]                       -38                             
               2    [9, 107]                       41                              
g        2     0    [[-180, -94], [92, 180]]       -171      ('open', 'shift')    ['Bin 0 spreads across spectrum borders']
               1    [-94, 92]                      3                               
h        3     0    [[-180, -124], [176, 180]]     -140      ('open', 'shift')    ['Bin 0 spreads across spectrum borders']
               1    [-124, 23]                     -59                             
               2    [23, 176]                      75                              
i        2     0    [-180, 8]                      -117      ('closed', 'clear')  []
               1    [8, 180]                       123                             

Flexibility ranking per number of bins: 
bins   rank   torsion  flexscore 
------ ------ -------- ----------
3      1      f        37.1068   
       2      h        20.7301   
       3      d        12.4539   
       4      a        5.1589    
       5      e        4.2243    
       6      b        3.2945    
2      1      g        6.462     
       2      i        6.4185    
       3      c        1.1264    
